<?xml version="1.0" encoding="UTF-8" ?>
<testsuite failures="0" time="0" errors="0" skipped="0" tests="1" name="com.exmple.AppTest">
  <properties>
    <property name="java.runtime.name" value="Java(TM) SE Runtime Environment"/>
    <property name="sun.boot.library.path" value="C:\Program Files\Java\jdk1.7.0_79\jre\bin"/>
    <property name="java.vm.version" value="24.79-b02"/>
    <property name="java.vm.vendor" value="Oracle Corporation"/>
    <property name="maven.multiModuleProjectDirectory" value="C:/Users/ykishi/workspace/tddTest"/>
    <property name="java.vendor.url" value="http://java.oracle.com/"/>
    <property name="path.separator" value=";"/>
    <property name="guice.disable.misplaced.annotation.check" value="true"/>
    <property name="java.vm.name" value="Java HotSpot(TM) 64-Bit Server VM"/>
    <property name="file.encoding.pkg" value="sun.io"/>
    <property name="user.script" value=""/>
    <property name="user.country" value="JP"/>
    <property name="sun.java.launcher" value="SUN_STANDARD"/>
    <property name="sun.os.patch.level" value=""/>
    <property name="java.vm.specification.name" value="Java Virtual Machine Specification"/>
    <property name="user.dir" value="C:\Users\ykishi\workspace\tddTest"/>
    <property name="java.runtime.version" value="1.7.0_79-b15"/>
    <property name="java.awt.graphicsenv" value="sun.awt.Win32GraphicsEnvironment"/>
    <property name="java.endorsed.dirs" value="C:\Program Files\Java\jdk1.7.0_79\jre\lib\endorsed"/>
    <property name="os.arch" value="amd64"/>
    <property name="java.io.tmpdir" value="C:\Users\ykishi\AppData\Local\Temp\"/>
    <property name="line.separator" value="
"/>
    <property name="java.vm.specification.vendor" value="Oracle Corporation"/>
    <property name="user.variant" value=""/>
    <property name="os.name" value="Windows 8.1"/>
    <property name="classworlds.conf" value="C:/Users/ykishi/maven/bin/m2.conf"/>
    <property name="sun.jnu.encoding" value="MS932"/>
    <property name="java.library.path" value="C:\Program Files\Java\jdk1.7.0_79\bin;C:\Windows\Sun\Java\bin;C:\Windows\system32;C:\Windows;C:\Users\ykishi\bin;C:\Program Files\Git\mingw64\bin;C:\Program Files\Git\usr\local\bin;C:\Program Files\Git\usr\bin;C:\Program Files\Git\usr\bin;C:\Program Files\Git\mingw64\bin;C:\Program Files\Git\usr\bin;C:\Users\ykishi\bin;C:\Program Files (x86)\Intel\iCLS Client;C:\Program Files\Intel\iCLS Client;C:\Windows\system32;C:\Windows;C:\Windows\System32\Wbem;C:\Windows\System32\WindowsPowerShell\v1.0;C:\Program Files\Intel\Intel(R) Management Engine Components\DAL;C:\Program Files\Intel\Intel(R) Management Engine Components\IPT;C:\Program Files (x86)\Intel\Intel(R) Management Engine Components\DAL;C:\Program Files (x86)\Intel\Intel(R) Management Engine Components\IPT;C:\Program Files\TortoiseSVN\bin;C:\Users\ykishi\maven\bin;%JAVA_HOME%\bin;C:\Program Files\Git\usr\bin\vendor_perl;C:\Program Files\Git\usr\bin\core_perl;."/>
    <property name="java.specification.name" value="Java Platform API Specification"/>
    <property name="java.class.version" value="51.0"/>
    <property name="sun.management.compiler" value="HotSpot 64-Bit Tiered Compilers"/>
    <property name="os.version" value="6.3"/>
    <property name="user.home" value="C:\Users\ykishi"/>
    <property name="user.timezone" value="Asia/Tokyo"/>
    <property name="java.awt.printerjob" value="sun.awt.windows.WPrinterJob"/>
    <property name="java.specification.version" value="1.7"/>
    <property name="file.encoding" value="MS932"/>
    <property name="user.name" value="ykishi"/>
    <property name="java.class.path" value="C:/Users/ykishi/maven/boot/plexus-classworlds-2.5.2.jar"/>
    <property name="java.vm.specification.version" value="1.7"/>
    <property name="sun.arch.data.model" value="64"/>
    <property name="java.home" value="C:\Program Files\Java\jdk1.7.0_79\jre"/>
    <property name="sun.java.command" value="org.codehaus.plexus.classworlds.launcher.Launcher test"/>
    <property name="java.specification.vendor" value="Oracle Corporation"/>
    <property name="user.language" value="ja"/>
    <property name="awt.toolkit" value="sun.awt.windows.WToolkit"/>
    <property name="java.vm.info" value="mixed mode"/>
    <property name="java.version" value="1.7.0_79"/>
    <property name="java.ext.dirs" value="C:\Program Files\Java\jdk1.7.0_79\jre\lib\ext;C:\Windows\Sun\Java\lib\ext"/>
    <property name="sun.boot.class.path" value="C:\Program Files\Java\jdk1.7.0_79\jre\lib\resources.jar;C:\Program Files\Java\jdk1.7.0_79\jre\lib\rt.jar;C:\Program Files\Java\jdk1.7.0_79\jre\lib\sunrsasign.jar;C:\Program Files\Java\jdk1.7.0_79\jre\lib\jsse.jar;C:\Program Files\Java\jdk1.7.0_79\jre\lib\jce.jar;C:\Program Files\Java\jdk1.7.0_79\jre\lib\charsets.jar;C:\Program Files\Java\jdk1.7.0_79\jre\lib\jfr.jar;C:\Program Files\Java\jdk1.7.0_79\jre\classes"/>
    <property name="java.vendor" value="Oracle Corporation"/>
    <property name="maven.home" value="C:\Users\ykishi\maven"/>
    <property name="file.separator" value="\"/>
    <property name="java.vendor.url.bug" value="http://bugreport.sun.com/bugreport/"/>
    <property name="sun.cpu.endian" value="little"/>
    <property name="sun.io.unicode.encoding" value="UnicodeLittle"/>
    <property name="sun.desktop" value="windows"/>
    <property name="sun.cpu.isalist" value="amd64"/>
  </properties>
  <testcase time="0" classname="com.exmple.AppTest" name="testApp"/>
</testsuite>